c:\users\aksha\source\repos\flutterybird\flutterybird\x64\debug\vc141.pdb
c:\users\aksha\source\repos\flutterybird\flutterybird\x64\debug\vc141.idb
c:\users\aksha\source\repos\flutterybird\flutterybird\x64\debug\statemachine.obj
c:\users\aksha\source\repos\flutterybird\flutterybird\x64\debug\state.obj
c:\users\aksha\source\repos\flutterybird\flutterybird\x64\debug\splashstate.obj
c:\users\aksha\source\repos\flutterybird\flutterybird\x64\debug\pipe.obj
c:\users\aksha\source\repos\flutterybird\flutterybird\x64\debug\mainmenustate.obj
c:\users\aksha\source\repos\flutterybird\flutterybird\x64\debug\main.obj
c:\users\aksha\source\repos\flutterybird\flutterybird\x64\debug\land.obj
c:\users\aksha\source\repos\flutterybird\flutterybird\x64\debug\inputmanager.obj
c:\users\aksha\source\repos\flutterybird\flutterybird\x64\debug\gameoverstate.obj
c:\users\aksha\source\repos\flutterybird\flutterybird\x64\debug\game.obj
c:\users\aksha\source\repos\flutterybird\flutterybird\x64\debug\collisions.obj
c:\users\aksha\source\repos\flutterybird\flutterybird\x64\debug\bird.obj
c:\users\aksha\source\repos\flutterybird\flutterybird\x64\debug\assetmanager.obj
c:\users\aksha\source\repos\flutterybird\flutterybird\x64\debug\gamestate.obj
c:\users\aksha\source\repos\flutterybird\flutterybird\x64\debug\flash.obj
c:\users\aksha\source\repos\flutterybird\flutterybird\x64\debug\hud.obj
c:\users\aksha\source\repos\flutterybird\x64\debug\flutterybird.exe
c:\users\aksha\source\repos\flutterybird\x64\debug\flutterybird.ilk
c:\users\aksha\source\repos\flutterybird\x64\debug\flutterybird.pdb
c:\users\aksha\source\repos\flutterybird\flutterybird\x64\debug\flutterybird.res
c:\users\aksha\source\repos\flutterybird\flutterybird\x64\debug\gamestate.obj.enc
c:\users\aksha\source\repos\flutterybird\flutterybird\x64\debug\flutterybird.tlog\cl.command.1.tlog
c:\users\aksha\source\repos\flutterybird\flutterybird\x64\debug\flutterybird.tlog\cl.read.1.tlog
c:\users\aksha\source\repos\flutterybird\flutterybird\x64\debug\flutterybird.tlog\cl.write.1.tlog
c:\users\aksha\source\repos\flutterybird\flutterybird\x64\debug\flutterybird.tlog\link.command.1.tlog
c:\users\aksha\source\repos\flutterybird\flutterybird\x64\debug\flutterybird.tlog\link.read.1.tlog
c:\users\aksha\source\repos\flutterybird\flutterybird\x64\debug\flutterybird.tlog\link.write.1.tlog
c:\users\aksha\source\repos\flutterybird\flutterybird\x64\debug\flutterybird.tlog\rc.command.1.tlog
c:\users\aksha\source\repos\flutterybird\flutterybird\x64\debug\flutterybird.tlog\rc.read.1.tlog
c:\users\aksha\source\repos\flutterybird\flutterybird\x64\debug\flutterybird.tlog\rc.write.1.tlog
