c:\users\aksha\source\repos\flutterybird\flutterybird\x64\release\vc141.pdb
c:\users\aksha\source\repos\flutterybird\flutterybird\x64\release\statemachine.obj
c:\users\aksha\source\repos\flutterybird\flutterybird\x64\release\state.obj
c:\users\aksha\source\repos\flutterybird\flutterybird\x64\release\splashstate.obj
c:\users\aksha\source\repos\flutterybird\flutterybird\x64\release\mainmenustate.obj
c:\users\aksha\source\repos\flutterybird\flutterybird\x64\release\main.obj
c:\users\aksha\source\repos\flutterybird\flutterybird\x64\release\inputmanager.obj
c:\users\aksha\source\repos\flutterybird\flutterybird\x64\release\gamestate.obj
c:\users\aksha\source\repos\flutterybird\flutterybird\x64\release\game.obj
c:\users\aksha\source\repos\flutterybird\flutterybird\x64\release\assetmanager.obj
c:\users\aksha\source\repos\flutterybird\flutterybird\x64\release\pipe.obj
c:\users\aksha\source\repos\flutterybird\flutterybird\x64\release\land.obj
c:\users\aksha\source\repos\flutterybird\flutterybird\x64\release\hud.obj
c:\users\aksha\source\repos\flutterybird\flutterybird\x64\release\gameoverstate.obj
c:\users\aksha\source\repos\flutterybird\flutterybird\x64\release\flash.obj
c:\users\aksha\source\repos\flutterybird\flutterybird\x64\release\collisions.obj
c:\users\aksha\source\repos\flutterybird\flutterybird\x64\release\bird.obj
c:\users\aksha\source\repos\flutterybird\x64\release\flutterybird.ipdb
c:\users\aksha\source\repos\flutterybird\x64\release\flutterybird.iobj
c:\users\aksha\source\repos\flutterybird\x64\release\flutterybird.exe
c:\users\aksha\source\repos\flutterybird\x64\release\flutterybird.pdb
c:\users\aksha\source\repos\flutterybird\flutterybird\x64\release\flutterybird.res
c:\users\aksha\source\repos\flutterybird\flutterybird\x64\release\flutterybird.tlog\cl.command.1.tlog
c:\users\aksha\source\repos\flutterybird\flutterybird\x64\release\flutterybird.tlog\cl.read.1.tlog
c:\users\aksha\source\repos\flutterybird\flutterybird\x64\release\flutterybird.tlog\cl.write.1.tlog
c:\users\aksha\source\repos\flutterybird\flutterybird\x64\release\flutterybird.tlog\flutterybird.write.1u.tlog
c:\users\aksha\source\repos\flutterybird\flutterybird\x64\release\flutterybird.tlog\link.command.1.tlog
c:\users\aksha\source\repos\flutterybird\flutterybird\x64\release\flutterybird.tlog\link.read.1.tlog
c:\users\aksha\source\repos\flutterybird\flutterybird\x64\release\flutterybird.tlog\link.write.1.tlog
c:\users\aksha\source\repos\flutterybird\flutterybird\x64\release\flutterybird.tlog\rc.command.1.tlog
c:\users\aksha\source\repos\flutterybird\flutterybird\x64\release\flutterybird.tlog\rc.read.1.tlog
c:\users\aksha\source\repos\flutterybird\flutterybird\x64\release\flutterybird.tlog\rc.write.1.tlog
